<?xml version="1.0" encoding="UTF-8"?>
<testsuite name="io.renren.RedisTest" tests="1" skipped="0" failures="0" errors="0" timestamp="2018-09-12T10:17:44" hostname="LAPTOP-T7HG72AF" time="0.94">
  <properties/>
  <testcase name="contextLoads" classname="io.renren.RedisTest" time="0.94"/>
  <system-out><![CDATA[2018-09-12 18:17:44.170  INFO 20748 --- [    Test worker] .b.t.c.SpringBootTestContextBootstrapper : Neither @ContextConfiguration nor @ContextHierarchy found for test class [io.renren.RedisTest], using SpringBootContextLoader
2018-09-12 18:17:44.171  INFO 20748 --- [    Test worker] o.s.t.c.support.AbstractContextLoader    : Could not detect default resource locations for test class [io.renren.RedisTest]: no resource found for suffixes {-context.xml, Context.groovy}.
2018-09-12 18:17:44.171  INFO 20748 --- [    Test worker] t.c.s.AnnotationConfigContextLoaderUtils : Could not detect default configuration classes for test class [io.renren.RedisTest]: RedisTest does not declare any static, non-private, non-final, nested classes annotated with @Configuration.
2018-09-12 18:17:44.175  INFO 20748 --- [    Test worker] .b.t.c.SpringBootTestContextBootstrapper : Found @SpringBootConfiguration io.renren.AdminApplication for test class io.renren.RedisTest
2018-09-12 18:17:44.178  INFO 20748 --- [    Test worker] .b.t.c.SpringBootTestContextBootstrapper : Loaded default TestExecutionListener class names from location [META-INF/spring.factories]: [org.springframework.boot.test.autoconfigure.restdocs.RestDocsTestExecutionListener, org.springframework.boot.test.autoconfigure.web.client.MockRestServiceServerResetTestExecutionListener, org.springframework.boot.test.autoconfigure.web.servlet.MockMvcPrintOnlyOnFailureTestExecutionListener, org.springframework.boot.test.autoconfigure.web.servlet.WebDriverTestExecutionListener, org.springframework.boot.test.mock.mockito.MockitoTestExecutionListener, org.springframework.boot.test.mock.mockito.ResetMocksTestExecutionListener, org.springframework.test.context.web.ServletTestExecutionListener, org.springframework.test.context.support.DirtiesContextBeforeModesTestExecutionListener, org.springframework.test.context.support.DependencyInjectionTestExecutionListener, org.springframework.test.context.support.DirtiesContextTestExecutionListener, org.springframework.test.context.transaction.TransactionalTestExecutionListener, org.springframework.test.context.jdbc.SqlScriptsTestExecutionListener]
2018-09-12 18:17:44.178  INFO 20748 --- [    Test worker] .b.t.c.SpringBootTestContextBootstrapper : Using TestExecutionListeners: [org.springframework.test.context.web.ServletTestExecutionListener@5f18b18f, org.springframework.test.context.support.DirtiesContextBeforeModesTestExecutionListener@1fd4a087, org.springframework.boot.test.mock.mockito.MockitoTestExecutionListener@230e221e, org.springframework.boot.test.autoconfigure.SpringBootDependencyInjectionTestExecutionListener@530fbf10, org.springframework.test.context.support.DirtiesContextTestExecutionListener@4901e837, org.springframework.test.context.transaction.TransactionalTestExecutionListener@73ebb908, org.springframework.test.context.jdbc.SqlScriptsTestExecutionListener@21a76bb9, org.springframework.boot.test.autoconfigure.restdocs.RestDocsTestExecutionListener@f7eb7a2, org.springframework.boot.test.autoconfigure.web.client.MockRestServiceServerResetTestExecutionListener@49f8b62a, org.springframework.boot.test.autoconfigure.web.servlet.MockMvcPrintOnlyOnFailureTestExecutionListener@677565e4, org.springframework.boot.test.autoconfigure.web.servlet.WebDriverTestExecutionListener@7d152010, org.springframework.boot.test.mock.mockito.ResetMocksTestExecutionListener@7ac4bb7]
2018-09-12 18:17:44.493  INFO 20748 --- [    Test worker] io.lettuce.core.EpollProvider            : Starting without optional epoll library
2018-09-12 18:17:44.497  INFO 20748 --- [    Test worker] io.lettuce.core.KqueueProvider           : Starting without optional kqueue library
io.renren.modules.sys.entity.SysUserEntity@86c961b[userId=<null>,username=<null>,password=<null>,salt=<null>,email=123456@qq.com,mobile=<null>,status=<null>,roleIdList=<null>,createTime=<null>,deptName=<null>]
]]></system-out>
  <system-err><![CDATA[]]></system-err>
</testsuite>
